\BOOKMARK [0][-]{chapter.1}{\376\377\000K\000I\036\276\000N\000\040\000T\000H\036\350\000C\000\040\000N\036\300\000N\000\040\000T\036\242\000N\000G}{}% 1
\BOOKMARK [1][-]{section.1.1}{\376\377\036\242\000N\000H\000\040\000V\036\306\000\040\000T\000I\000N\000H\000\040\000L\000\300\000\040\000G\000\314\000?\000\040\000\050\000R\000a\000s\000t\000e\000r\000\040\000D\000a\000t\000a\000\051}{chapter.1}% 2
\BOOKMARK [2][-]{subsection.1.1.1}{\376\377\000R\000a\000s\000t\000e\000r\000\040\000v\000s\000\040\000V\000e\000c\000t\000o\000r}{section.1.1}% 3
\BOOKMARK [2][-]{subsection.1.1.2}{\376\377\000C\036\245\000u\000\040\000t\000r\000\372\000c\000\040\000d\036\357\000\040\000l\000i\036\307\000u\000\040\000c\036\347\000a\000\040\000m\036\331\000t\000\040\036\243\000n\000h\000\040\000R\000a\000s\000t\000e\000r\000\040\000t\000r\000o\000n\000g\000\040\000b\036\331\000\040\000n\000h\036\333}{section.1.1}% 4
\BOOKMARK [2][-]{subsection.1.1.3}{\376\377\000S\000e\000n\000t\000i\000n\000e\000l\000-\0002\000\040\040\024\000\040\000B\000a\000n\000d\000\040\000n\000\340\000o\000\040\000d\000\371\000n\000g\000\040\001\021\036\303\000\040\000t\000\355\000n\000h\000\040\000N\000D\000V\000I\000?}{section.1.1}% 5
\BOOKMARK [2][-]{subsection.1.1.4}{\376\377\001\020\036\313\000n\000h\000\040\000d\036\241\000n\000g\000\040\000f\000i\000l\000e}{section.1.1}% 6
\BOOKMARK [1][-]{section.1.2}{\376\377\000T\000H\000\324\000N\000G\000\040\000T\000I\000N\000\040\001\020\036\312\000A\000\040\000L\000\335\000\040\001\020\000\315\000N\000H\000\040\000K\000\310\000M\000\040\000\050\000G\000e\000o\000s\000p\000a\000t\000i\000a\000l\000\040\000M\000e\000t\000a\000d\000a\000t\000a\000\051}{chapter.1}% 7
\BOOKMARK [2][-]{subsection.1.2.1}{\376\377\000C\000R\000S\000\040\040\024\000\040\000H\036\307\000\040\000t\036\315\000a\000\040\001\021\036\331\000\040\000t\000h\000a\000m\000\040\000c\000h\000i\036\277\000u\000\040\000\050\000C\000o\000o\000r\000d\000i\000n\000a\000t\000e\000\040\000R\000e\000f\000e\000r\000e\000n\000c\000e\000\040\000S\000y\000s\000t\000e\000m\000\051}{section.1.2}% 8
\BOOKMARK [2][-]{subsection.1.2.2}{\376\377\000A\000f\000f\000i\000n\000e\000\040\000T\000r\000a\000n\000s\000f\000o\000r\000m\000\040\000M\000a\000t\000r\000i\000x\000\040\040\024\000\040\000M\000a\000\040\000t\000r\036\255\000n\000\040\000b\000i\036\277\000n\000\040\001\021\036\325\000i}{section.1.2}% 9
\BOOKMARK [1][-]{section.1.3}{\376\377\000T\000H\001\257\000\040\000V\000I\036\306\000N\000\040\000\050\000r\000a\000s\000t\000e\000r\000i\000o\000\051\000\040\040\024\000\040\000C\036\246\000U\000\040\000N\036\320\000I\000\040\000P\000Y\000T\000H\000O\000N\000\040\000\040\000F\000I\000L\000E\000\040\036\242\000N\000H}{chapter.1}% 10
\BOOKMARK [2][-]{subsection.1.3.1}{\376\377\000R\000a\000s\000t\000e\000r\000i\000o\000\040\000l\000\340\000\040\000g\000\354\000?}{section.1.3}% 11
\BOOKMARK [2][-]{subsection.1.3.2}{\376\377\000K\000h\000\341\000i\000\040\000n\000i\036\307\000m\000\040\000c\036\321\000t\000\040\000l\000\365\000i\000:\000\040\000D\000a\000t\000a\000s\000e\000t\000\040\000O\000b\000j\000e\000c\000t}{section.1.3}% 12
\BOOKMARK [1][-]{section.1.4}{\376\377\000Q\000U\036\242\000N\000\040\000L\000\335\000\040\000B\036\330\000\040\000N\000H\036\332\000\040\000C\001\240\000\040\000B\036\242\000N}{chapter.1}% 13
\BOOKMARK [2][-]{subsection.1.4.1}{\376\377\000T\000\355\000n\000h\000\040\000t\000o\000\341\000n\000\040\000R\000A\000M\000\040\000t\000i\000\352\000u\000\040\000t\000h\036\345}{section.1.4}% 14
\BOOKMARK [0][-]{chapter.2}{\376\377\000C\036\244\000U\000\040\000T\000R\000\332\000C\000\040\001\020\036\246\000Y\000\040\001\020\036\346\000\040\000C\036\346\000A\000\040\000M\000A\000\040\000T\000R\036\254\000N\000\040\000A\000F\000F\000I\000N\000E}{}% 15
\BOOKMARK [1][-]{section.2.1}{\376\377\000T\036\241\000i\000\040\000s\000a\000o\000\040\000e\000\040\000\342\000m\000?}{chapter.2}% 16
\BOOKMARK [1][-]{section.2.2}{\376\377\000T\000r\000u\000y\000\040\000c\036\255\000p\000\040\000t\036\353\000n\000g\000\040\000p\000h\036\247\000n\000\040\000t\036\355\000\040\000c\036\347\000a\000\040\000T\000r\000a\000n\000s\000f\000o\000r\000m\000\040\000t\000r\000o\000n\000g\000\040\000r\000a\000s\000t\000e\000r\000i\000o}{chapter.2}% 17
\BOOKMARK [1][-]{section.2.3}{\376\377\000P\000i\000x\000e\000l\000\040\000s\000i\000z\000e\000\040\000\050\000G\000S\000D\000\051\000\040\000l\000\340\000\040\000g\000\354\000?}{chapter.2}% 18
\BOOKMARK [1][-]{section.2.4}{\376\377\000B\000o\000u\000n\000d\000i\000n\000g\000\040\000B\000o\000x\000\040\000l\000\340\000\040\000g\000\354\000?}{chapter.2}% 19
\BOOKMARK [2][-]{subsection.2.4.1}{\376\377\000T\000r\001\260\036\335\000n\000g\000\040\000h\036\343\000p\000\040\000l\000\375\000\040\000t\001\260\036\337\000n\000g\000\040\000\050\000b\000,\000\040\000d\000\040\000=\000\040\0000\000\040\000-\000\040\036\242\000n\000h\000\040\000k\000h\000\364\000n\000g\000\040\000b\036\313\000\040\000x\000o\000a\000y\000\051}{section.2.4}% 20
\BOOKMARK [2][-]{subsection.2.4.2}{\376\377\000T\000r\001\260\036\335\000n\000g\000\040\000h\036\343\000p\000\040\000t\036\325\000n\000g\000\040\000q\000u\000\341\000t\000\040\000\050\000b\000,\000\040\000d\000\040\000=\0000\000\040\000-\000\040\036\242\000n\000h\000\040\000b\036\313\000\040\000x\000o\000a\000y\000\040\000n\000g\000h\000i\000\352\000n\000g\000\051}{section.2.4}% 21
\BOOKMARK [1][-]{section.2.5}{\376\377\036\350\000n\000g\000\040\000d\036\345\000n\000g\000\040\000n\000h\000\342\000n\000\040\000m\000a\000\040\000t\000r\036\255\000n\000\040\000A\000f\000f\000i\000n\000e}{chapter.2}% 22
\BOOKMARK [1][-]{section.2.6}{\376\377\000T\036\315\000a\000\040\001\021\036\331\000\040\000t\000r\036\243\000\040\000v\036\301\000:\000\040\000G\000\363\000c\000\040\000p\000i\000x\000e\000l\000\040\000h\000a\000y\000\040\000T\000\342\000m\000\040\000p\000i\000x\000e\000l\000?}{chapter.2}% 23
\BOOKMARK [1][-]{section.2.7}{\376\377\000T\036\325\000n\000g\000\040\000k\036\277\000t\000\040\000L\000o\000g\000i\000c\000\040\000X\036\355\000\040\000l\000\375\000\040\000\046\000\040\000C\000h\000e\000c\000k\000l\000i\000s\000t}{chapter.2}% 24
